<?xml version="1.0" encoding="UTF-8"?>
<Site BuildName="(empty)"
	BuildStamp="20250301-1058-Experimental"
	Name="user1-LOQ-15ARP9"
	Generator="ctest-3.22.1"
	CompilerName="/usr/bin/g++"
	CompilerVersion="11.4.0"
	OSName="Linux"
	Hostname="user1-LOQ-15ARP9"
	OSRelease="6.8.0-52-generic"
	OSVersion="#53~22.04.1-Ubuntu SMP PREEMPT_DYNAMIC Wed Jan 15 19:18:46 UTC 2"
	OSPlatform="x86_64"
	Is64Bits="1"
	VendorString="AuthenticAMD"
	VendorID="Advanced Micro Devices"
	FamilyID="25"
	ModelID="68"
	ProcessorCacheSize="512"
	NumberOfLogicalCPU="16"
	NumberOfPhysicalCPU="8"
	TotalVirtualMemory="2047"
	TotalPhysicalMemory="27745"
	LogicalProcessorsPerPhysical="2"
	ProcessorClockFrequency="2188.55"
	>
	<Testing>
		<StartDateTime>Mar 01 20:50 KST</StartDateTime>
		<StartTestTime>1740829838</StartTestTime>
		<TestList/>
		<EndDateTime>Mar 01 20:50 KST</EndDateTime>
		<EndTestTime>1740829838</EndTestTime>
		<ElapsedMinutes>0</ElapsedMinutes>
	</Testing>
</Site>
